Determining if the function dgettext exists failed with the following output:
Change Dir: /Users/kabob/tmp/madeline2/madeline2/trunk/CMakeFiles/CMakeTmp

Run Build Command:/usr/bin/make "cmTryCompileExec/fast"
/usr/bin/make -f CMakeFiles/cmTryCompileExec.dir/build.make CMakeFiles/cmTryCompileExec.dir/build
/opt/local/bin/cmake -E cmake_progress_report /Users/kabob/tmp/madeline2/madeline2/trunk/CMakeFiles/CMakeTmp/CMakeFiles 1
Building C object CMakeFiles/cmTryCompileExec.dir/CheckFunctionExists.c.o
/usr/bin/gcc   -mmacosx-version-min=10.6    -DCHECK_FUNCTION_EXISTS=dgettext   -o CMakeFiles/cmTryCompileExec.dir/CheckFunctionExists.c.o   -c /opt/local/share/cmake-2.8/Modules/CheckFunctionExists.c
/opt/local/share/cmake-2.8/Modules/CheckFunctionExists.c:3: warning: conflicting types for built-in function ‘dgettext’
Linking C executable cmTryCompileExec
/opt/local/bin/cmake -E cmake_link_script CMakeFiles/cmTryCompileExec.dir/link.txt --verbose=1
/usr/bin/gcc   -mmacosx-version-min=10.6    -DCHECK_FUNCTION_EXISTS=dgettext -Wl,-search_paths_first -headerpad_max_install_names  CMakeFiles/cmTryCompileExec.dir/CheckFunctionExists.c.o  -o cmTryCompileExec  
Undefined symbols:
  "_dgettext", referenced from:
      _main in CheckFunctionExists.c.o
ld: symbol(s) not found
collect2: ld returned 1 exit status
make[1]: *** [cmTryCompileExec] Error 1
make: *** [cmTryCompileExec/fast] Error 2


Determining if the function curl_easy_setopt exists failed with the following output:
Change Dir: /Users/kabob/tmp/madeline2/madeline2/trunk/CMakeFiles/CMakeTmp

Run Build Command:/usr/bin/make "cmTryCompileExec/fast"
/usr/bin/make -f CMakeFiles/cmTryCompileExec.dir/build.make CMakeFiles/cmTryCompileExec.dir/build
/opt/local/bin/cmake -E cmake_progress_report /Users/kabob/tmp/madeline2/madeline2/trunk/CMakeFiles/CMakeTmp/CMakeFiles 1
Building C object CMakeFiles/cmTryCompileExec.dir/CheckFunctionExists.c.o
/usr/bin/gcc   -mmacosx-version-min=10.6    -DCHECK_FUNCTION_EXISTS=curl_easy_setopt   -o CMakeFiles/cmTryCompileExec.dir/CheckFunctionExists.c.o   -c /opt/local/share/cmake-2.8/Modules/CheckFunctionExists.c
Linking C executable cmTryCompileExec
/opt/local/bin/cmake -E cmake_link_script CMakeFiles/cmTryCompileExec.dir/link.txt --verbose=1
/usr/bin/gcc   -mmacosx-version-min=10.6    -DCHECK_FUNCTION_EXISTS=curl_easy_setopt -Wl,-search_paths_first -headerpad_max_install_names  CMakeFiles/cmTryCompileExec.dir/CheckFunctionExists.c.o  -o cmTryCompileExec  
Undefined symbols:
  "_curl_easy_setopt", referenced from:
      _main in CheckFunctionExists.c.o
ld: symbol(s) not found
collect2: ld returned 1 exit status
make[1]: *** [cmTryCompileExec] Error 1
make: *** [cmTryCompileExec/fast] Error 2


Determining if files malloc.h exist failed with the following output:
Change Dir: /Users/kabob/tmp/madeline2/madeline2/trunk/CMakeFiles/CMakeTmp

Run Build Command:/usr/bin/make "cmTryCompileExec/fast"
/usr/bin/make -f CMakeFiles/cmTryCompileExec.dir/build.make CMakeFiles/cmTryCompileExec.dir/build
/opt/local/bin/cmake -E cmake_progress_report /Users/kabob/tmp/madeline2/madeline2/trunk/CMakeFiles/CMakeTmp/CMakeFiles 1
Building C object CMakeFiles/cmTryCompileExec.dir/CheckIncludeFiles.c.o
/usr/bin/gcc   -mmacosx-version-min=10.6       -o CMakeFiles/cmTryCompileExec.dir/CheckIncludeFiles.c.o   -c /Users/kabob/tmp/madeline2/madeline2/trunk/CMakeFiles/CMakeTmp/CheckIncludeFiles.c
/Users/kabob/tmp/madeline2/madeline2/trunk/CMakeFiles/CMakeTmp/CheckIncludeFiles.c:2:20: error: malloc.h: No such file or directory
make[1]: *** [CMakeFiles/cmTryCompileExec.dir/CheckIncludeFiles.c.o] Error 1
make: *** [cmTryCompileExec/fast] Error 2

Source:
/* */
#include <malloc.h>


int main(){return 0;}

